<?xml version="1.0" encoding="UTF-8"?>
<testng-results skipped="0" failed="0" total="1" passed="1">
  <reporter-output>
  </reporter-output>
  <suite name="Suite" duration-ms="11017" started-at="2016-11-28T16:45:18Z" finished-at="2016-11-28T16:45:29Z">
    <groups>
    </groups>
    <test name="Test" duration-ms="11017" started-at="2016-11-28T16:45:18Z" finished-at="2016-11-28T16:45:29Z">
      <class name="com.Automation.facebook.Mavenfacebook.Verifylogin">
        <test-method status="PASS" signature="beforeClass()[pri:0, instance:com.Automation.facebook.Mavenfacebook.Verifylogin@7e4d2287]" name="beforeClass" is-config="true" duration-ms="6242" started-at="2016-11-28T11:45:18Z" finished-at="2016-11-28T11:45:24Z">
          <reporter-output>
          </reporter-output>
        </test-method> <!-- beforeClass -->
        <test-method status="PASS" signature="signinverification()[pri:0, instance:com.Automation.facebook.Mavenfacebook.Verifylogin@7e4d2287]" name="signinverification" duration-ms="3623" started-at="2016-11-28T11:45:24Z" description="verify invalid login error message" finished-at="2016-11-28T11:45:28Z">
          <reporter-output>
          </reporter-output>
        </test-method> <!-- signinverification -->
        <test-method status="PASS" signature="afterClass()[pri:0, instance:com.Automation.facebook.Mavenfacebook.Verifylogin@7e4d2287]" name="afterClass" is-config="true" duration-ms="1040" started-at="2016-11-28T11:45:28Z" finished-at="2016-11-28T11:45:29Z">
          <reporter-output>
          </reporter-output>
        </test-method> <!-- afterClass -->
      </class> <!-- com.Automation.facebook.Mavenfacebook.Verifylogin -->
    </test> <!-- Test -->
  </suite> <!-- Suite -->
</testng-results>
